<?xml version="1.0" encoding="UTF-8"?>
<testng-results ignored="0" total="1" passed="1" failed="0" skipped="0">
  <reporter-output>
  </reporter-output>
  <suite started-at="2020-04-21T00:46:53Z" name="Default suite" finished-at="2020-04-21T00:47:03Z" duration-ms="10104">
    <groups>
    </groups>
    <test started-at="2020-04-21T00:46:53Z" name="Default test" finished-at="2020-04-21T00:47:03Z" duration-ms="10104">
      <class name="demo.AutoItDemo">
        <test-method signature="test()[pri:0, instance:demo.AutoItDemo@48b67364]" started-at="2020-04-21T00:46:53Z" name="test" finished-at="2020-04-21T00:47:03Z" duration-ms="10042" status="PASS">
          <reporter-output>
          </reporter-output>
        </test-method> <!-- test -->
      </class> <!-- demo.AutoItDemo -->
    </test> <!-- Default test -->
  </suite> <!-- Default suite -->
</testng-results>
