<?xml version="1.0" encoding="UTF-8"?>
<!-- Generated by org.testng.reporters.JUnitXMLReporter -->
<testsuite ignored="0" hostname="SVRAMAN-IN" failures="0" tests="5" name="Test1" time="0.084" errors="0" timestamp="19 Apr 2020 12:39:04 GMT">
  <testcase classname="demo.TestNGGroupDemo" name="test1" time="0.019"/>
  <testcase classname="demo.TestNGGroupDemo" name="test2" time="0.001"/>
  <testcase classname="demo.TestNGGroupDemo" name="test3" time="0.002"/>
  <testcase classname="demo.TestNGGroupDemo" name="test4" time="0.002"/>
  <testcase classname="demo.TestNGGroupDemo" name="test5" time="0.004"/>
</testsuite> <!-- Test1 -->
