<?xml version="1.0" encoding="UTF-8"?>
<!-- Generated by org.testng.reporters.JUnitXMLReporter -->
<testsuite ignored="1" hostname="SVRAMAN-IN" failures="0" tests="2" name="Default test(failed)(failed)" time="0.076" errors="0" timestamp="19 Apr 2020 23:37:44 GMT">
  <testcase classname="demo.TestNgRetryFailedDemo" name="test3" time="0.021"/>
  <testcase classname="demo.TestNgRetryFailedDemo" name="test2" time="0.001"/>
  <testcase classname="demo.TestNgRetryFailedDemo" name="test1" time="0.0">
    <ignored/>
  </testcase> <!-- test1 -->
</testsuite> <!-- Default test(failed)(failed) -->
